1011_qrcode/app/build/intermediates/manifest_merge_blame_file/debug/manifest-merger-blame-debug-report.txt
1<?xml version="1.0" encoding="utf-8"?>
2<manifest xmlns:android="http://schemas.android.com/apk/res/android"
3    package="com.example.a1011_qrcode"
4    android:versionCode="1"
5    android:versionName="1.0" >
6
7    <uses-sdk
8        android:minSdkVersion="16"
8-->src/main/AndroidManifest.xml
9        android:targetSdkVersion="29" />
9-->src/main/AndroidManifest.xml
10
11    <uses-permission android:name="android.permission.CAMERA" /> <!-- Don't require camera, as this requires a rear camera. This allows it to work on the Nexus 7 -->
11-->[com.journeyapps:zxing-android-embedded:3.4.0] AndroidManifest.xml:21:5-65
11-->[com.journeyapps:zxing-android-embedded:3.4.0] AndroidManifest.xml:21:22-62
12    <uses-feature
12-->[com.journeyapps:zxing-android-embedded:3.4.0] AndroidManifest.xml:24:5-26:36
13        android:name="android.hardware.camera"
13-->[com.journeyapps:zxing-android-embedded:3.4.0] AndroidManifest.xml:25:9-47
14        android:required="false" />
14-->[com.journeyapps:zxing-android-embedded:3.4.0] AndroidManifest.xml:26:9-33
15    <uses-feature
15-->[com.journeyapps:zxing-android-embedded:3.4.0] AndroidManifest.xml:27:5-29:36
16        android:name="android.hardware.camera.front"
16-->[com.journeyapps:zxing-android-embedded:3.4.0] AndroidManifest.xml:28:9-53
17        android:required="false" /> <!-- TODO replace above two with next line after Android 4.2 -->
17-->[com.journeyapps:zxing-android-embedded:3.4.0] AndroidManifest.xml:29:9-33
18    <!-- <uses-feature android:name="android.hardware.camera.any"/> -->
19    <uses-feature
19-->[com.journeyapps:zxing-android-embedded:3.4.0] AndroidManifest.xml:32:5-34:36
20        android:name="android.hardware.camera.autofocus"
20-->[com.journeyapps:zxing-android-embedded:3.4.0] AndroidManifest.xml:33:9-57
21        android:required="false" />
21-->[com.journeyapps:zxing-android-embedded:3.4.0] AndroidManifest.xml:34:9-33
22    <uses-feature
22-->[com.journeyapps:zxing-android-embedded:3.4.0] AndroidManifest.xml:35:5-37:36
23        android:name="android.hardware.camera.flash"
23-->[com.journeyapps:zxing-android-embedded:3.4.0] AndroidManifest.xml:36:9-53
24        android:required="false" />
24-->[com.journeyapps:zxing-android-embedded:3.4.0] AndroidManifest.xml:37:9-33
25    <uses-feature
25-->[com.journeyapps:zxing-android-embedded:3.4.0] AndroidManifest.xml:38:5-40:36
26        android:name="android.hardware.screen.landscape"
26-->[com.journeyapps:zxing-android-embedded:3.4.0] AndroidManifest.xml:39:9-57
27        android:required="false" />
27-->[com.journeyapps:zxing-android-embedded:3.4.0] AndroidManifest.xml:40:9-33
28    <uses-feature
28-->[com.journeyapps:zxing-android-embedded:3.4.0] AndroidManifest.xml:41:5-43:36
29        android:name="android.hardware.wifi"
29-->[com.journeyapps:zxing-android-embedded:3.4.0] AndroidManifest.xml:42:9-45
30        android:required="false" />
30-->[com.journeyapps:zxing-android-embedded:3.4.0] AndroidManifest.xml:43:9-33
31
32    <application
32-->src/main/AndroidManifest.xml:5:5-19:19
33        android:allowBackup="true"
33-->src/main/AndroidManifest.xml:6:9-35
34        android:appComponentFactory="androidx.core.app.CoreComponentFactory"
34-->[androidx.core:core:1.3.1] AndroidManifest.xml:24:18-86
35        android:debuggable="true"
36        android:icon="@mipmap/ic_launcher"
36-->src/main/AndroidManifest.xml:7:9-43
37        android:label="@string/app_name"
37-->src/main/AndroidManifest.xml:8:9-41
38        android:roundIcon="@mipmap/ic_launcher_round"
38-->src/main/AndroidManifest.xml:9:9-54
39        android:supportsRtl="true"
39-->src/main/AndroidManifest.xml:10:9-35
40        android:testOnly="true"
41        android:theme="@style/AppTheme" >
41-->src/main/AndroidManifest.xml:11:9-40
42        <activity android:name="com.example.a1011_qrcode.MainActivity" >
42-->src/main/AndroidManifest.xml:12:9-18:20
42-->src/main/AndroidManifest.xml:12:19-47
43            <intent-filter>
43-->src/main/AndroidManifest.xml:13:13-17:29
44                <action android:name="android.intent.action.MAIN" />
44-->src/main/AndroidManifest.xml:14:17-69
44-->src/main/AndroidManifest.xml:14:25-66
45
46                <category android:name="android.intent.category.LAUNCHER" />
46-->src/main/AndroidManifest.xml:16:17-77
46-->src/main/AndroidManifest.xml:16:27-74
47            </intent-filter>
48        </activity>
49        <activity
49-->[com.journeyapps:zxing-android-embedded:3.4.0] AndroidManifest.xml:46:9-52:63
50            android:name="com.journeyapps.barcodescanner.CaptureActivity"
50-->[com.journeyapps:zxing-android-embedded:3.4.0] AndroidManifest.xml:47:13-74
51            android:clearTaskOnLaunch="true"
51-->[com.journeyapps:zxing-android-embedded:3.4.0] AndroidManifest.xml:48:13-45
52            android:screenOrientation="sensorLandscape"
52-->[com.journeyapps:zxing-android-embedded:3.4.0] AndroidManifest.xml:49:13-56
53            android:stateNotNeeded="true"
53-->[com.journeyapps:zxing-android-embedded:3.4.0] AndroidManifest.xml:50:13-42
54            android:theme="@style/zxing_CaptureTheme"
54-->[com.journeyapps:zxing-android-embedded:3.4.0] AndroidManifest.xml:51:13-54
55            android:windowSoftInputMode="stateAlwaysHidden" />
55-->[com.journeyapps:zxing-android-embedded:3.4.0] AndroidManifest.xml:52:13-60
56    </application>
57
58</manifest>